# JRE version: Java(TM) SE Runtime Environment (8.0_25-b18) (build 1.8.0_25-b18)
# Java VM: Java HotSpot(TM) 64-Bit Server VM (25.25-b02 mixed mode windows-amd64 compressed oops)
Heap:
 PSYoungGen      total 207360K, used 153612K [0x00000000d6000000, 0x00000000e9800000, 0x0000000100000000)
  eden space 183808K, 83% used [0x00000000d6000000,0x00000000df603300,0x00000000e1380000)
  from space 23552K, 0% used [0x00000000e1380000,0x00000000e1380000,0x00000000e2a80000)
  to   space 36864K, 0% used [0x00000000e7400000,0x00000000e7400000,0x00000000e9800000)
 ParOldGen       total 148992K, used 61034K [0x0000000082000000, 0x000000008b180000, 0x00000000d6000000)
  object space 148992K, 40% used [0x0000000082000000,0x0000000085b9a960,0x000000008b180000)
 Metaspace       used 30225K, capacity 31002K, committed 31104K, reserved 1077248K
  class space    used 3703K, capacity 3874K, committed 3968K, reserved 1048576K
GC Heap History (10 events):
Event: 3.056 GC heap before
{Heap before GC invocations=9 (full 1):
 PSYoungGen      total 86528K, used 80177K [0x00000000d6000000, 0x00000000df900000, 0x0000000100000000)
  eden space 77824K, 100% used [0x00000000d6000000,0x00000000dac00000,0x00000000dac00000)
  from space 8704K, 27% used [0x00000000dac00000,0x00000000dae4c608,0x00000000db480000)
  to   space 8192K, 0% used [0x00000000df100000,0x00000000df100000,0x00000000df900000)
 ParOldGen       total 63488K, used 8138K [0x0000000082000000, 0x0000000085e00000, 0x00000000d6000000)
  object space 63488K, 12% used [0x0000000082000000,0x00000000827f2ad0,0x0000000085e00000)
 Metaspace       used 25043K, capacity 25780K, committed 26112K, reserved 1071104K
  class space    used 3322K, capacity 3473K, committed 3584K, reserved 1048576K
Event: 3.060 GC heap after
Heap after GC invocations=9 (full 1):
 PSYoungGen      total 140288K, used 3999K [0x00000000d6000000, 0x00000000df500000, 0x0000000100000000)
  eden space 136192K, 0% used [0x00000000d6000000,0x00000000d6000000,0x00000000de500000)
  from space 4096K, 97% used [0x00000000df100000,0x00000000df4e7e28,0x00000000df500000)
  to   space 8192K, 0% used [0x00000000de500000,0x00000000de500000,0x00000000ded00000)
 ParOldGen       total 63488K, used 9784K [0x0000000082000000, 0x0000000085e00000, 0x00000000d6000000)
  object space 63488K, 15% used [0x0000000082000000,0x000000008298e2d8,0x0000000085e00000)
 Metaspace       used 25043K, capacity 25780K, committed 26112K, reserved 1071104K
  class space    used 3322K, capacity 3473K, committed 3584K, reserved 1048576K
}
Event: 14.209 GC heap before
{Heap before GC invocations=10 (full 1):
 PSYoungGen      total 140288K, used 140191K [0x00000000d6000000, 0x00000000df500000, 0x0000000100000000)
  eden space 136192K, 100% used [0x00000000d6000000,0x00000000de500000,0x00000000de500000)
  from space 4096K, 97% used [0x00000000df100000,0x00000000df4e7e28,0x00000000df500000)
  to   space 8192K, 0% used [0x00000000de500000,0x00000000de500000,0x00000000ded00000)
 ParOldGen       total 63488K, used 9784K [0x0000000082000000, 0x0000000085e00000, 0x00000000d6000000)
  object space 63488K, 15% used [0x0000000082000000,0x000000008298e2d8,0x0000000085e00000)
 Metaspace       used 28017K, capacity 28678K, committed 28928K, reserved 1075200K
  class space    used 3559K, capacity 3718K, committed 3840K, reserved 1048576K
Event: 14.220 GC heap after
Heap after GC invocations=10 (full 1):
 PSYoungGen      total 144384K, used 8179K [0x00000000d6000000, 0x00000000e3880000, 0x0000000100000000)
  eden space 136192K, 0% used [0x00000000d6000000,0x00000000d6000000,0x00000000de500000)
  from space 8192K, 99% used [0x00000000de500000,0x00000000decfccc0,0x00000000ded00000)
  to   space 14336K, 0% used [0x00000000e2a80000,0x00000000e2a80000,0x00000000e3880000)
 ParOldGen       total 63488K, used 22286K [0x0000000082000000, 0x0000000085e00000, 0x00000000d6000000)
  object space 63488K, 35% used [0x0000000082000000,0x00000000835c3b10,0x0000000085e00000)
 Metaspace       used 28017K, capacity 28678K, committed 28928K, reserved 1075200K
  class space    used 3559K, capacity 3718K, committed 3840K, reserved 1048576K
}
Event: 45.528 GC heap before
{Heap before GC invocations=11 (full 1):
 PSYoungGen      total 144384K, used 144371K [0x00000000d6000000, 0x00000000e3880000, 0x0000000100000000)
  eden space 136192K, 100% used [0x00000000d6000000,0x00000000de500000,0x00000000de500000)
  from space 8192K, 99% used [0x00000000de500000,0x00000000decfccc0,0x00000000ded00000)
  to   space 14336K, 0% used [0x00000000e2a80000,0x00000000e2a80000,0x00000000e3880000)
 ParOldGen       total 63488K, used 22286K [0x0000000082000000, 0x0000000085e00000, 0x00000000d6000000)
  object space 63488K, 35% used [0x0000000082000000,0x00000000835c3b10,0x0000000085e00000)
 Metaspace       used 29493K, capacity 30264K, committed 30592K, reserved 1075200K
  class space    used 3696K, capacity 3871K, committed 3968K, reserved 1048576K
Event: 45.555 GC heap after
Heap after GC invocations=11 (full 1):
 PSYoungGen      total 198144K, used 14318K [0x00000000d6000000, 0x00000000e4580000, 0x0000000100000000)
  eden space 183808K, 0% used [0x00000000d6000000,0x00000000d6000000,0x00000000e1380000)
  from space 14336K, 99% used [0x00000000e2a80000,0x00000000e387b990,0x00000000e3880000)
  to   space 23552K, 0% used [0x00000000e1380000,0x00000000e1380000,0x00000000e2a80000)
 ParOldGen       total 63488K, used 39989K [0x0000000082000000, 0x0000000085e00000, 0x00000000d6000000)
  object space 63488K, 62% used [0x0000000082000000,0x000000008470d740,0x0000000085e00000)
 Metaspace       used 29493K, capacity 30264K, committed 30592K, reserved 1075200K
  class space    used 3696K, capacity 3871K, committed 3968K, reserved 1048576K
}
Event: 66.354 GC heap before
{Heap before GC invocations=12 (full 1):
 PSYoungGen      total 198144K, used 198126K [0x00000000d6000000, 0x00000000e4580000, 0x0000000100000000)
  eden space 183808K, 100% used [0x00000000d6000000,0x00000000e1380000,0x00000000e1380000)
  from space 14336K, 99% used [0x00000000e2a80000,0x00000000e387b990,0x00000000e3880000)
  to   space 23552K, 0% used [0x00000000e1380000,0x00000000e1380000,0x00000000e2a80000)
 ParOldGen       total 63488K, used 39989K [0x0000000082000000, 0x0000000085e00000, 0x00000000d6000000)
  object space 63488K, 62% used [0x0000000082000000,0x000000008470d740,0x0000000085e00000)
 Metaspace       used 29984K, capacity 30790K, committed 31104K, reserved 1077248K
  class space    used 3701K, capacity 3872K, committed 3968K, reserved 1048576K
Event: 66.392 GC heap after
Heap after GC invocations=12 (full 1):
 PSYoungGen      total 207360K, used 23521K [0x00000000d6000000, 0x00000000e9800000, 0x0000000100000000)
  eden space 183808K, 0% used [0x00000000d6000000,0x00000000d6000000,0x00000000e1380000)
  from space 23552K, 99% used [0x00000000e1380000,0x00000000e2a78660,0x00000000e2a80000)
  to   space 36864K, 0% used [0x00000000e7400000,0x00000000e7400000,0x00000000e9800000)
 ParOldGen       total 64512K, used 64371K [0x0000000082000000, 0x0000000085f00000, 0x00000000d6000000)
  object space 64512K, 99% used [0x0000000082000000,0x0000000085edce20,0x0000000085f00000)
 Metaspace       used 29984K, capacity 30790K, committed 31104K, reserved 1077248K
  class space    used 3701K, capacity 3872K, committed 3968K, reserved 1048576K
}
Event: 66.392 GC heap before
{Heap before GC invocations=13 (full 2):
 PSYoungGen      total 207360K, used 23521K [0x00000000d6000000, 0x00000000e9800000, 0x0000000100000000)
  eden space 183808K, 0% used [0x00000000d6000000,0x00000000d6000000,0x00000000e1380000)
  from space 23552K, 99% used [0x00000000e1380000,0x00000000e2a78660,0x00000000e2a80000)
  to   space 36864K, 0% used [0x00000000e7400000,0x00000000e7400000,0x00000000e9800000)
 ParOldGen       total 64512K, used 64371K [0x0000000082000000, 0x0000000085f00000, 0x00000000d6000000)
  object space 64512K, 99% used [0x0000000082000000,0x0000000085edce20,0x0000000085f00000)
 Metaspace       used 29984K, capacity 30790K, committed 31104K, reserved 1077248K
  class space    used 3701K, capacity 3872K, committed 3968K, reserved 1048576K
Event: 66.471 GC heap after
Heap after GC invocations=13 (full 2):
 PSYoungGen      total 207360K, used 0K [0x00000000d6000000, 0x00000000e9800000, 0x0000000100000000)
  eden space 183808K, 0% used [0x00000000d6000000,0x00000000d6000000,0x00000000e1380000)
  from space 23552K, 0% used [0x00000000e1380000,0x00000000e1380000,0x00000000e2a80000)
  to   space 36864K, 0% used [0x00000000e7400000,0x00000000e7400000,0x00000000e9800000)
 ParOldGen       total 148992K, used 61034K [0x0000000082000000, 0x000000008b180000, 0x00000000d6000000)
  object space 148992K, 40% used [0x0000000082000000,0x0000000085b9a960,0x000000008b180000)
 Metaspace       used 29984K, capacity 30790K, committed 31104K, reserved 1077248K
  class space    used 3701K, capacity 3872K, committed 3968K, reserved 1048576K
}

